[2015-06-08 16:17:25] request.ERROR: Uncaught PHP Exception Symfony\Component\HttpKernel\Exception\NotFoundHttpException: "No route found for "GET /" (from "http://localhost/developpement_approfondissement_1/")" at C:\wamp\www\developpement_approfondissement_1\vendor\symfony\symfony\src\Symfony\Component\HttpKernel\EventListener\RouterListener.php line 159 {"exception":"[object] (Symfony\\Component\\HttpKernel\\Exception\\NotFoundHttpException(code: 0): No route found for \"GET /\" (from \"http://localhost/developpement_approfondissement_1/\") at C:\\wamp\\www\\developpement_approfondissement_1\\vendor\\symfony\\symfony\\src\\Symfony\\Component\\HttpKernel\\EventListener\\RouterListener.php:159, Symfony\\Component\\Routing\\Exception\\ResourceNotFoundException(code: 0):  at C:\\wamp\\www\\developpement_approfondissement_1\\app\\cache\\prod\\appProdUrlMatcher.php:35)"} []
[2015-06-08 16:35:05] request.ERROR: Uncaught PHP Exception Symfony\Component\HttpKernel\Exception\NotFoundHttpException: "No route found for "GET /bundles/framework/images/input_bg.gif" (from "http://localhost/developpement_approfondissement_1/web/bundles/sensiodistribution/webconfigurator/css/configurator.css")" at C:\wamp\www\developpement_approfondissement_1\vendor\symfony\symfony\src\Symfony\Component\HttpKernel\EventListener\RouterListener.php line 159 {"exception":"[object] (Symfony\\Component\\HttpKernel\\Exception\\NotFoundHttpException(code: 0): No route found for \"GET /bundles/framework/images/input_bg.gif\" (from \"http://localhost/developpement_approfondissement_1/web/bundles/sensiodistribution/webconfigurator/css/configurator.css\") at C:\\wamp\\www\\developpement_approfondissement_1\\vendor\\symfony\\symfony\\src\\Symfony\\Component\\HttpKernel\\EventListener\\RouterListener.php:159, Symfony\\Component\\Routing\\Exception\\ResourceNotFoundException(code: 0):  at C:\\wamp\\www\\developpement_approfondissement_1\\app\\cache\\prod\\appProdUrlMatcher.php:35)"} []
[2015-06-08 16:35:31] request.ERROR: Uncaught PHP Exception Symfony\Component\HttpKernel\Exception\NotFoundHttpException: "No route found for "GET /bundles/framework/images/input_bg.gif" (from "http://localhost/developpement_approfondissement_1/web/bundles/sensiodistribution/webconfigurator/css/configurator.css")" at C:\wamp\www\developpement_approfondissement_1\app\cache\prod\classes.php line 2482 {"exception":"[object] (Symfony\\Component\\HttpKernel\\Exception\\NotFoundHttpException(code: 0): No route found for \"GET /bundles/framework/images/input_bg.gif\" (from \"http://localhost/developpement_approfondissement_1/web/bundles/sensiodistribution/webconfigurator/css/configurator.css\") at C:\\wamp\\www\\developpement_approfondissement_1\\app\\cache\\prod\\classes.php:2482, Symfony\\Component\\Routing\\Exception\\ResourceNotFoundException(code: 0):  at C:\\wamp\\www\\developpement_approfondissement_1\\app\\cache\\prod\\appProdUrlMatcher.php:35)"} []
[2015-06-15 12:20:07] request.ERROR: Uncaught PHP Exception Symfony\Component\HttpKernel\Exception\NotFoundHttpException: "No route found for "GET /" (from "http://localhost/developpement_approfondissement_1/")" at C:\wamp\www\developpement_approfondissement_1\app\cache\prod\classes.php line 2482 {"exception":"[object] (Symfony\\Component\\HttpKernel\\Exception\\NotFoundHttpException(code: 0): No route found for \"GET /\" (from \"http://localhost/developpement_approfondissement_1/\") at C:\\wamp\\www\\developpement_approfondissement_1\\app\\cache\\prod\\classes.php:2482, Symfony\\Component\\Routing\\Exception\\ResourceNotFoundException(code: 0):  at C:\\wamp\\www\\developpement_approfondissement_1\\app\\cache\\prod\\appProdUrlMatcher.php:35)"} []
[2015-06-21 15:17:27] request.INFO: Matched route "inscription". {"route_parameters":{"_controller":"Quiz\\IndexBundle\\Controller\\QuizController::inscriptionAction","_route":"inscription"},"request_uri":"http://localhost/developpement_approfondissement_1/web/inscription"} []
[2015-06-21 15:17:27] security.DEBUG: Read existing security token from the session. {"key":"_security_main"} []
[2015-06-21 15:17:27] request.CRITICAL: Uncaught PHP Exception RuntimeException: "There is no user provider for user "Quiz\IndexBundle\Entity\User"." at C:\wamp\www\developpement_approfondissement_1\vendor\symfony\symfony\src\Symfony\Component\Security\Http\Firewall\ContextListener.php line 178 {"exception":"[object] (RuntimeException(code: 0): There is no user provider for user \"Quiz\\IndexBundle\\Entity\\User\". at C:\\wamp\\www\\developpement_approfondissement_1\\vendor\\symfony\\symfony\\src\\Symfony\\Component\\Security\\Http\\Firewall\\ContextListener.php:178)"} []
[2015-06-21 15:21:16] request.INFO: Matched route "question". {"route_parameters":{"_controller":"Quiz\\IndexBundle\\Controller\\QuizController::questionAction","id":"5","_route":"question"},"request_uri":"http://localhost/developpement_approfondissement_1/web/question/5"} []
[2015-06-21 15:21:16] security.INFO: Populated the TokenStorage with an anonymous Token. [] []
[2015-06-21 15:21:16] event.DEBUG: Notified event "kernel.request" to listener "Symfony\Component\HttpKernel\EventListener\DebugHandlersListener::configure". [] []
[2015-06-21 15:21:16] event.DEBUG: Notified event "kernel.request" to listener "Symfony\Bundle\FrameworkBundle\EventListener\SessionListener::onKernelRequest". [] []
[2015-06-21 15:21:16] event.DEBUG: Notified event "kernel.request" to listener "Symfony\Component\HttpKernel\EventListener\FragmentListener::onKernelRequest". [] []
[2015-06-21 15:21:16] event.DEBUG: Notified event "kernel.request" to listener "Symfony\Component\HttpKernel\EventListener\RouterListener::onKernelRequest". [] []
[2015-06-21 15:21:16] event.DEBUG: Notified event "kernel.request" to listener "Symfony\Component\HttpKernel\EventListener\LocaleListener::onKernelRequest". [] []
[2015-06-21 15:21:16] event.DEBUG: Notified event "kernel.request" to listener "Symfony\Component\HttpKernel\EventListener\TranslatorListener::onKernelRequest". [] []
[2015-06-21 15:21:16] event.DEBUG: Notified event "kernel.request" to listener "Symfony\Component\Security\Http\Firewall::onKernelRequest". [] []
[2015-06-21 15:21:16] event.DEBUG: Notified event "kernel.controller" to listener "Sensio\Bundle\FrameworkExtraBundle\EventListener\ControllerListener::onKernelController". [] []
[2015-06-21 15:21:16] event.DEBUG: Notified event "kernel.controller" to listener "Sensio\Bundle\FrameworkExtraBundle\EventListener\ParamConverterListener::onKernelController". [] []
[2015-06-21 15:21:16] event.DEBUG: Notified event "kernel.controller" to listener "Sensio\Bundle\FrameworkExtraBundle\EventListener\HttpCacheListener::onKernelController". [] []
[2015-06-21 15:21:16] event.DEBUG: Notified event "kernel.controller" to listener "Sensio\Bundle\FrameworkExtraBundle\EventListener\SecurityListener::onKernelController". [] []
[2015-06-21 15:21:16] event.DEBUG: Notified event "kernel.controller" to listener "Sensio\Bundle\FrameworkExtraBundle\EventListener\TemplateListener::onKernelController". [] []
[2015-06-21 15:21:16] doctrine.DEBUG: SELECT t0.id AS id1, t0.category AS category2, t0.question AS question3, t0.reponse1 AS reponse14, t0.reponse2 AS reponse25, t0.reponse3 AS reponse36, t0.reponse4 AS reponse47, t0.activate AS activate8 FROM quiz t0 WHERE t0.category = ? ["5"] []
[2015-06-21 15:21:16] request.CRITICAL: Uncaught PHP Exception Symfony\Component\Debug\Exception\ContextErrorException: "Notice: Undefined offset: 0" at C:\wamp\www\developpement_approfondissement_1\src\Quiz\IndexBundle\Controller\QuizController.php line 280 {"exception":"[object] (Symfony\\Component\\Debug\\Exception\\ContextErrorException(code: 0): Notice: Undefined offset: 0 at C:\\wamp\\www\\developpement_approfondissement_1\\src\\Quiz\\IndexBundle\\Controller\\QuizController.php:280)"} []
[2015-06-21 15:21:16] event.DEBUG: Notified event "kernel.request" to listener "Symfony\Component\HttpKernel\EventListener\DebugHandlersListener::configure". [] []
[2015-06-21 15:21:16] event.DEBUG: Notified event "kernel.request" to listener "Symfony\Bundle\FrameworkBundle\EventListener\SessionListener::onKernelRequest". [] []
[2015-06-21 15:21:16] event.DEBUG: Notified event "kernel.request" to listener "Symfony\Component\HttpKernel\EventListener\FragmentListener::onKernelRequest". [] []
[2015-06-21 15:21:16] event.DEBUG: Notified event "kernel.request" to listener "Symfony\Component\HttpKernel\EventListener\RouterListener::onKernelRequest". [] []
[2015-06-21 15:21:16] event.DEBUG: Notified event "kernel.request" to listener "Symfony\Component\HttpKernel\EventListener\LocaleListener::onKernelRequest". [] []
[2015-06-21 15:21:16] event.DEBUG: Notified event "kernel.request" to listener "Symfony\Component\HttpKernel\EventListener\TranslatorListener::onKernelRequest". [] []
[2015-06-21 15:21:16] event.DEBUG: Notified event "kernel.request" to listener "Symfony\Component\Security\Http\Firewall::onKernelRequest". [] []
[2015-06-21 15:21:16] event.DEBUG: Notified event "kernel.controller" to listener "Sensio\Bundle\FrameworkExtraBundle\EventListener\ControllerListener::onKernelController". [] []
[2015-06-21 15:21:16] event.DEBUG: Notified event "kernel.controller" to listener "Sensio\Bundle\FrameworkExtraBundle\EventListener\ParamConverterListener::onKernelController". [] []
[2015-06-21 15:21:16] event.DEBUG: Notified event "kernel.controller" to listener "Sensio\Bundle\FrameworkExtraBundle\EventListener\HttpCacheListener::onKernelController". [] []
[2015-06-21 15:21:16] event.DEBUG: Notified event "kernel.controller" to listener "Sensio\Bundle\FrameworkExtraBundle\EventListener\SecurityListener::onKernelController". [] []
[2015-06-21 15:21:16] event.DEBUG: Notified event "kernel.controller" to listener "Sensio\Bundle\FrameworkExtraBundle\EventListener\TemplateListener::onKernelController". [] []
[2015-06-21 15:21:17] event.DEBUG: Notified event "kernel.response" to listener "Symfony\Component\Security\Http\Firewall\ContextListener::onKernelResponse". [] []
[2015-06-21 15:21:17] event.DEBUG: Notified event "kernel.response" to listener "Symfony\Component\HttpKernel\EventListener\ResponseListener::onKernelResponse". [] []
[2015-06-21 15:21:17] event.DEBUG: Notified event "kernel.response" to listener "Symfony\Component\Security\Http\RememberMe\ResponseListener::onKernelResponse". [] []
[2015-06-21 15:21:17] event.DEBUG: Notified event "kernel.response" to listener "Sensio\Bundle\FrameworkExtraBundle\EventListener\HttpCacheListener::onKernelResponse". [] []
[2015-06-21 15:21:17] event.DEBUG: Notified event "kernel.response" to listener "Symfony\Component\HttpKernel\EventListener\SaveSessionListener::onKernelResponse". [] []
[2015-06-21 15:21:17] event.DEBUG: Notified event "kernel.response" to listener "Symfony\Component\HttpKernel\EventListener\StreamedResponseListener::onKernelResponse". [] []
[2015-06-21 15:21:17] event.DEBUG: Notified event "kernel.finish_request" to listener "Symfony\Component\HttpKernel\EventListener\LocaleListener::onKernelFinishRequest". [] []
[2015-06-21 15:21:17] event.DEBUG: Notified event "kernel.finish_request" to listener "Symfony\Component\HttpKernel\EventListener\TranslatorListener::onKernelFinishRequest". [] []
[2015-06-21 15:21:17] event.DEBUG: Notified event "kernel.finish_request" to listener "Symfony\Component\HttpKernel\EventListener\RouterListener::onKernelFinishRequest". [] []
[2015-06-21 15:21:17] event.DEBUG: Notified event "kernel.finish_request" to listener "Symfony\Component\Security\Http\Firewall::onKernelFinishRequest". [] []
[2015-06-21 15:21:17] event.DEBUG: Notified event "kernel.exception" to listener "Symfony\Component\Security\Http\Firewall\ExceptionListener::onKernelException". [] []
[2015-06-21 15:21:17] event.DEBUG: Notified event "kernel.exception" to listener "Symfony\Component\HttpKernel\EventListener\ExceptionListener::onKernelException". [] []
[2015-06-21 15:21:17] event.DEBUG: Listener "Symfony\Component\HttpKernel\EventListener\ExceptionListener::onKernelException" stopped propagation of the event "kernel.exception". [] []
[2015-06-21 15:21:17] event.DEBUG: Notified event "kernel.response" to listener "Symfony\Component\HttpKernel\EventListener\ResponseListener::onKernelResponse". [] []
[2015-06-21 15:21:17] event.DEBUG: Notified event "kernel.response" to listener "Symfony\Component\Security\Http\RememberMe\ResponseListener::onKernelResponse". [] []
[2015-06-21 15:21:17] event.DEBUG: Notified event "kernel.response" to listener "Sensio\Bundle\FrameworkExtraBundle\EventListener\HttpCacheListener::onKernelResponse". [] []
[2015-06-21 15:21:17] event.DEBUG: Notified event "kernel.response" to listener "Symfony\Component\HttpKernel\EventListener\SaveSessionListener::onKernelResponse". [] []
[2015-06-21 15:21:17] event.DEBUG: Notified event "kernel.response" to listener "Symfony\Component\HttpKernel\EventListener\StreamedResponseListener::onKernelResponse". [] []
[2015-06-21 15:21:17] event.DEBUG: Notified event "kernel.finish_request" to listener "Symfony\Component\HttpKernel\EventListener\LocaleListener::onKernelFinishRequest". [] []
[2015-06-21 15:21:17] event.DEBUG: Notified event "kernel.finish_request" to listener "Symfony\Component\HttpKernel\EventListener\TranslatorListener::onKernelFinishRequest". [] []
[2015-06-21 15:21:17] event.DEBUG: Notified event "kernel.finish_request" to listener "Symfony\Component\HttpKernel\EventListener\RouterListener::onKernelFinishRequest". [] []
[2015-06-21 15:21:17] event.DEBUG: Notified event "kernel.finish_request" to listener "Symfony\Component\Security\Http\Firewall::onKernelFinishRequest". [] []
[2015-06-21 15:21:17] event.DEBUG: Notified event "kernel.terminate" to listener "Symfony\Bundle\SwiftmailerBundle\EventListener\EmailSenderListener::onTerminate". [] []
[2015-06-21 15:23:27] request.INFO: Matched route "question". {"route_parameters":{"_controller":"Quiz\\IndexBundle\\Controller\\QuizController::questionAction","id":"1","_route":"question"},"request_uri":"http://localhost/developpement_approfondissement_1/web/question/1"} []
[2015-06-21 15:23:27] security.INFO: Populated the TokenStorage with an anonymous Token. [] []
[2015-06-21 15:23:27] request.CRITICAL: Uncaught PHP Exception Twig_Error_Runtime: "The "native_profiler" extension is not enabled in "QuizIndexBundle:Quiz:question.html.twig" at line 1." at C:\wamp\www\developpement_approfondissement_1\app\cache\prod\classes.php line 6462 {"exception":"[object] (Twig_Error_Runtime(code: 0): The \"native_profiler\" extension is not enabled in \"QuizIndexBundle:Quiz:question.html.twig\" at line 1. at C:\\wamp\\www\\developpement_approfondissement_1\\app\\cache\\prod\\classes.php:6462)"} []
